==================================================
🕐 МОСКОВСКОЕ ВРЕМЯ
==================================================
Дата и время: 06.09.2025 17:35:55
День недели: Saturday
Часовой пояс: MSK
UTC смещение: +0300
==================================================

==================================================
🕐 МОСКОВСКОЕ ВРЕМЯ
==================================================
Дата и время: 06.09.2025 17:36:01
День недели: Saturday
Часовой пояс: MSK
UTC смещение: +0300
==================================================

==================================================
🕐 МОСКОВСКОЕ ВРЕМЯ
==================================================
Дата и время: 06.09.2025 17:37:01
День недели: Saturday
Часовой пояс: MSK
UTC смещение: +0300
==================================================

